# JRE version: OpenJDK Runtime Environment (8.0_131-b11) (build 1.8.0_131-8u131-b11-0ubuntu1.16.04.2-b11)
# Java VM: OpenJDK 64-Bit Server VM (25.131-b11 mixed mode linux-amd64 compressed oops)
Heap:
 PSYoungGen      total 51200K, used 2016K [0x00000000f0700000, 0x00000000f3b00000, 0x0000000100000000)
  eden space 49152K, 0% used [0x00000000f0700000,0x00000000f0700000,0x00000000f3700000)
  from space 2048K, 98% used [0x00000000f3700000,0x00000000f38f8020,0x00000000f3900000)
  to   space 2048K, 0% used [0x00000000f3900000,0x00000000f3900000,0x00000000f3b00000)
 ParOldGen       total 32768K, used 13096K [0x00000000d1400000, 0x00000000d3400000, 0x00000000f0700000)
  object space 32768K, 39% used [0x00000000d1400000,0x00000000d20ca170,0x00000000d3400000)
 Metaspace       used 15774K, capacity 16102K, committed 16384K, reserved 1062912K
  class space    used 1866K, capacity 1983K, committed 2048K, reserved 1048576K
GC Heap History (9 events):
Event: 0.995 GC heap before
{Heap before GC invocations=1 (full 0):
 PSYoungGen      total 14336K, used 12288K [0x00000000f0700000, 0x00000000f1700000, 0x0000000100000000)
  eden space 12288K, 100% used [0x00000000f0700000,0x00000000f1300000,0x00000000f1300000)
  from space 2048K, 0% used [0x00000000f1500000,0x00000000f1500000,0x00000000f1700000)
  to   space 2048K, 0% used [0x00000000f1300000,0x00000000f1300000,0x00000000f1500000)
 ParOldGen       total 32768K, used 0K [0x00000000d1400000, 0x00000000d3400000, 0x00000000f0700000)
  object space 32768K, 0% used [0x00000000d1400000,0x00000000d1400000,0x00000000d3400000)
 Metaspace       used 6195K, capacity 6376K, committed 6400K, reserved 1056768K
  class space    used 692K, capacity 764K, committed 768K, reserved 1048576K
Event: 1.035 GC heap after
Heap after GC invocations=1 (full 0):
 PSYoungGen      total 14336K, used 2031K [0x00000000f0700000, 0x00000000f2300000, 0x0000000100000000)
  eden space 12288K, 0% used [0x00000000f0700000,0x00000000f0700000,0x00000000f1300000)
  from space 2048K, 99% used [0x00000000f1300000,0x00000000f14fbe38,0x00000000f1500000)
  to   space 2048K, 0% used [0x00000000f2100000,0x00000000f2100000,0x00000000f2300000)
 ParOldGen       total 32768K, used 910K [0x00000000d1400000, 0x00000000d3400000, 0x00000000f0700000)
  object space 32768K, 2% used [0x00000000d1400000,0x00000000d14e3888,0x00000000d3400000)
 Metaspace       used 6195K, capacity 6376K, committed 6400K, reserved 1056768K
  class space    used 692K, capacity 764K, committed 768K, reserved 1048576K
}
Event: 1.324 GC heap before
{Heap before GC invocations=2 (full 0):
 PSYoungGen      total 14336K, used 14319K [0x00000000f0700000, 0x00000000f2300000, 0x0000000100000000)
  eden space 12288K, 100% used [0x00000000f0700000,0x00000000f1300000,0x00000000f1300000)
  from space 2048K, 99% used [0x00000000f1300000,0x00000000f14fbe38,0x00000000f1500000)
  to   space 2048K, 0% used [0x00000000f2100000,0x00000000f2100000,0x00000000f2300000)
 ParOldGen       total 32768K, used 910K [0x00000000d1400000, 0x00000000d3400000, 0x00000000f0700000)
  object space 32768K, 2% used [0x00000000d1400000,0x00000000d14e3888,0x00000000d3400000)
 Metaspace       used 7659K, capacity 7848K, committed 7936K, reserved 1056768K
  class space    used 914K, capacity 956K, committed 1024K, reserved 1048576K
Event: 1.362 GC heap after
Heap after GC invocations=2 (full 0):
 PSYoungGen      total 26624K, used 2038K [0x00000000f0700000, 0x00000000f2300000, 0x0000000100000000)
  eden space 24576K, 0% used [0x00000000f0700000,0x00000000f0700000,0x00000000f1f00000)
  from space 2048K, 99% used [0x00000000f2100000,0x00000000f22fdb68,0x00000000f2300000)
  to   space 2048K, 0% used [0x00000000f1f00000,0x00000000f1f00000,0x00000000f2100000)
 ParOldGen       total 32768K, used 1683K [0x00000000d1400000, 0x00000000d3400000, 0x00000000f0700000)
  object space 32768K, 5% used [0x00000000d1400000,0x00000000d15a4e88,0x00000000d3400000)
 Metaspace       used 7659K, capacity 7848K, committed 7936K, reserved 1056768K
  class space    used 914K, capacity 956K, committed 1024K, reserved 1048576K
}
Event: 1.793 GC heap before
{Heap before GC invocations=3 (full 0):
 PSYoungGen      total 26624K, used 26614K [0x00000000f0700000, 0x00000000f2300000, 0x0000000100000000)
  eden space 24576K, 100% used [0x00000000f0700000,0x00000000f1f00000,0x00000000f1f00000)
  from space 2048K, 99% used [0x00000000f2100000,0x00000000f22fdb68,0x00000000f2300000)
  to   space 2048K, 0% used [0x00000000f1f00000,0x00000000f1f00000,0x00000000f2100000)
 ParOldGen       total 32768K, used 1683K [0x00000000d1400000, 0x00000000d3400000, 0x00000000f0700000)
  object space 32768K, 5% used [0x00000000d1400000,0x00000000d15a4e88,0x00000000d3400000)
 Metaspace       used 9871K, capacity 10082K, committed 10240K, reserved 1058816K
  class space    used 1184K, capacity 1251K, committed 1280K, reserved 1048576K
Event: 1.807 GC heap after
Heap after GC invocations=3 (full 0):
 PSYoungGen      total 26624K, used 2048K [0x00000000f0700000, 0x00000000f3b00000, 0x0000000100000000)
  eden space 24576K, 0% used [0x00000000f0700000,0x00000000f0700000,0x00000000f1f00000)
  from space 2048K, 100% used [0x00000000f1f00000,0x00000000f2100000,0x00000000f2100000)
  to   space 2048K, 0% used [0x00000000f3900000,0x00000000f3900000,0x00000000f3b00000)
 ParOldGen       total 32768K, used 4313K [0x00000000d1400000, 0x00000000d3400000, 0x00000000f0700000)
  object space 32768K, 13% used [0x00000000d1400000,0x00000000d1836590,0x00000000d3400000)
 Metaspace       used 9871K, capacity 10082K, committed 10240K, reserved 1058816K
  class space    used 1184K, capacity 1251K, committed 1280K, reserved 1048576K
}
Event: 2.443 GC heap before
{Heap before GC invocations=4 (full 0):
 PSYoungGen      total 26624K, used 26624K [0x00000000f0700000, 0x00000000f3b00000, 0x0000000100000000)
  eden space 24576K, 100% used [0x00000000f0700000,0x00000000f1f00000,0x00000000f1f00000)
  from space 2048K, 100% used [0x00000000f1f00000,0x00000000f2100000,0x00000000f2100000)
  to   space 2048K, 0% used [0x00000000f3900000,0x00000000f3900000,0x00000000f3b00000)
 ParOldGen       total 32768K, used 4313K [0x00000000d1400000, 0x00000000d3400000, 0x00000000f0700000)
  object space 32768K, 13% used [0x00000000d1400000,0x00000000d1836590,0x00000000d3400000)
 Metaspace       used 12989K, capacity 13246K, committed 13568K, reserved 1060864K
  class space    used 1592K, capacity 1679K, committed 1792K, reserved 1048576K
Event: 2.524 GC heap after
Heap after GC invocations=4 (full 0):
 PSYoungGen      total 51200K, used 2032K [0x00000000f0700000, 0x00000000f3b00000, 0x0000000100000000)
  eden space 49152K, 0% used [0x00000000f0700000,0x00000000f0700000,0x00000000f3700000)
  from space 2048K, 99% used [0x00000000f3900000,0x00000000f3afc030,0x00000000f3b00000)
  to   space 2048K, 0% used [0x00000000f3700000,0x00000000f3700000,0x00000000f3900000)
 ParOldGen       total 32768K, used 8316K [0x00000000d1400000, 0x00000000d3400000, 0x00000000f0700000)
  object space 32768K, 25% used [0x00000000d1400000,0x00000000d1c1f260,0x00000000d3400000)
 Metaspace       used 12989K, capacity 13246K, committed 13568K, reserved 1060864K
  class space    used 1592K, capacity 1679K, committed 1792K, reserved 1048576K
}
Event: 33.513 GC heap before
{Heap before GC invocations=5 (full 0):
 PSYoungGen      total 51200K, used 51184K [0x00000000f0700000, 0x00000000f3b00000, 0x0000000100000000)
  eden space 49152K, 100% used [0x00000000f0700000,0x00000000f3700000,0x00000000f3700000)
  from space 2048K, 99% used [0x00000000f3900000,0x00000000f3afc030,0x00000000f3b00000)
  to   space 2048K, 0% used [0x00000000f3700000,0x00000000f3700000,0x00000000f3900000)
 ParOldGen       total 32768K, used 8316K [0x00000000d1400000, 0x00000000d3400000, 0x00000000f0700000)
  object space 32768K, 25% used [0x00000000d1400000,0x00000000d1c1f260,0x00000000d3400000)
 Metaspace       used 15774K, capacity 16102K, committed 16384K, reserved 1062912K
  class space    used 1866K, capacity 1983K, committed 2048K, reserved 1048576K

